[08/24/2022 21:16:40] Debug: Session id: ff375aa5-9357-4a61-94a5-cbf0186405e5
[08/24/2022 21:16:40] Debug: Code Processor information: Name :SnowConvert, Version: 7.11.102.0
[08/24/2022 21:16:41] Debug: Getting license
[08/24/2022 21:16:41] Debug: License information
	Status: Failed
	Message: No active license available.
[08/24/2022 21:16:41] Info: Starting to validate parameters
[08/24/2022 21:16:41] Info: Parameters to validate: 
	Execution mode: Conversion
	LICENSE_KEY: a3372138-b87e-4a08-b929-3b48b24c63f1
[08/24/2022 21:16:41] Info: Validation of parameters: Success
[08/24/2022 21:16:41] Debug: Getting code descriptor
[08/24/2022 21:16:41] Debug: Code descriptor information
	Units: 51
	Units type: LOC
	All file bytes: 2141
	All found extensions: .sql,.dml,.ddl,.bteq,.btq,.fl,.fload,.ml,.mload,.mld,.tp,.tpump,.tpt
[08/24/2022 21:16:41] Debug: Calculating fingerprint
[08/24/2022 21:16:41] Debug: Fingerprint information Fingerprint(size=2141,projects=1)
[08/24/2022 21:16:41] Info: Starting to try to validate online license for execution
[08/24/2022 21:16:42] Debug: Getting license
[08/24/2022 21:16:42] Debug: License information
	Status: Failed
	Message: No active license available.
[08/24/2022 21:16:42] Debug: Starting the execution of the controller
[08/24/2022 21:16:43] Debug: Executing the worker: SnowConvert
[08/24/2022 21:16:55] Debug: Finished executing the worker: SnowConvert
[08/24/2022 21:16:57] Info: Controller execution ended
